<?xml version="1.0" encoding="UTF-8" ?>
<testsuite errors="0" failures="0" hostname="Nishants-MacBook-Air.local" name="org.nishant.MathTest" tests="4" time="0.06" timestamp="2016-07-07T12:59:55">
  <properties>
    <property name="java.vendor" value="Apple Inc." />
    <property name="lib.dir" value="lib" />
    <property name="ant.file.type.JavaStandaloneProjectExtensionOne" value="file" />
    <property name="sun.java.launcher" value="SUN_STANDARD" />
    <property name="eclipse.pdebuild.templates" value="/Applications/jbdevstudio/studio/plugins/org.eclipse.pde.build_3.8.2.v20121114-140810/templates//" />
    <property name="sun.management.compiler" value="HotSpot 64-Bit Tiered Compilers" />
    <property name="os.name" value="Mac OS X" />
    <property name="sun.boot.class.path" value="/System/Library/Java/JavaVirtualMachines/1.6.0.jdk/Contents/Classes/jsfd.jar:/System/Library/Java/JavaVirtualMachines/1.6.0.jdk/Contents/Classes/classes.jar:/System/Library/Frameworks/JavaVM.framework/Frameworks/JavaRuntimeSupport.framework/Resources/Java/JavaRuntimeSupport.jar:/System/Library/Java/JavaVirtualMachines/1.6.0.jdk/Contents/Classes/ui.jar:/System/Library/Java/JavaVirtualMachines/1.6.0.jdk/Contents/Classes/laf.jar:/System/Library/Java/JavaVirtualMachines/1.6.0.jdk/Contents/Classes/sunrsasign.jar:/System/Library/Java/JavaVirtualMachines/1.6.0.jdk/Contents/Classes/jsse.jar:/System/Library/Java/JavaVirtualMachines/1.6.0.jdk/Contents/Classes/jce.jar:/System/Library/Java/JavaVirtualMachines/1.6.0.jdk/Contents/Classes/charsets.jar" />
    <property name="TODAY" value="July 7 2016" />
    <property name="java.vm.specification.vendor" value="Sun Microsystems Inc." />
    <property name="ant.home" value="/Applications/jbdevstudio/studio/plugins/org.apache.ant_1.8.3.v201301120609" />
    <property name="java.runtime.version" value="1.6.0_65-b14-466.1-11M4716" />
    <property name="user.name" value="nishant" />
    <property name="awt.nativeDoubleBuffering" value="true" />
    <property name="build.dir" value="bin" />
    <property name="user.language" value="en" />
    <property name="test.report.dir" value="test_report" />
    <property name="sun.boot.library.path" value="/System/Library/Java/JavaVirtualMachines/1.6.0.jdk/Contents/Libraries" />
    <property name="ant.project.default-target" value="main" />
    <property name="ant.project.name" value="JavaStandaloneProjectExtensionOne" />
    <property name="DSTAMP" value="20160707" />
    <property name="java.version" value="1.6.0_65" />
    <property name="user.timezone" value="" />
    <property name="sun.arch.data.model" value="64" />
    <property name="http.nonProxyHosts" value="local|*.local|169.254/16|*.169.254/16" />
    <property name="java.endorsed.dirs" value="/System/Library/Java/JavaVirtualMachines/1.6.0.jdk/Contents/Home/lib/endorsed" />
    <property name="sun.cpu.isalist" value="" />
    <property name="sun.jnu.encoding" value="MacRoman" />
    <property name="file.encoding.pkg" value="sun.io" />
    <property name="projectName" value="JavaStandaloneProjectJunitExtension" />
    <property name="file.separator" value="/" />
    <property name="java.specification.name" value="Java Platform API Specification" />
    <property name="java.class.version" value="50.0" />
    <property name="user.country" value="US" />
    <property name="java.home" value="/System/Library/Java/JavaVirtualMachines/1.6.0.jdk/Contents/Home" />
    <property name="dist.dir" value="dist" />
    <property name="java.vm.info" value="mixed mode" />
    <property name="ant.file" value="/Volumes/DATA/MyFolder/Private/study/Assignments/github_repo/ANT/JavaStandaloneProjectJunitExtension/build.xml" />
    <property name="os.version" value="10.10.1" />
    <property name="path.separator" value=":" />
    <property name="java.vm.version" value="20.65-b04-466.1" />
    <property name="ant.library.dir" value="/Applications/jbdevstudio/studio/plugins/org.apache.ant_1.8.3.v201301120609/lib" />
    <property name="java.awt.printerjob" value="apple.awt.CPrinterJob" />
    <property name="sun.io.unicode.encoding" value="UnicodeLittle" />
    <property name="awt.toolkit" value="apple.awt.CToolkit" />
    <property name="socksNonProxyHosts" value="local|*.local|169.254/16|*.169.254/16" />
    <property name="ftp.nonProxyHosts" value="local|*.local|169.254/16|*.169.254/16" />
    <property name="eclipse.pdebuild.scripts" value="/Applications/jbdevstudio/studio/plugins/org.eclipse.pde.build_3.8.2.v20121114-140810/scripts//" />
    <property name="user.home" value="/Users/nishant" />
    <property name="java.specification.vendor" value="Sun Microsystems Inc." />
    <property name="java.library.path" value=".:/Library/Java/Extensions:/System/Library/Java/Extensions:/usr/lib/java" />
    <property name="java.vendor.url" value="http://www.apple.com/" />
    <property name="java.vm.vendor" value="Apple Inc." />
    <property name="gopherProxySet" value="false" />
    <property name="java.runtime.name" value="Java(TM) SE Runtime Environment" />
    <property name="sun.java.command" value="org.apache.tools.ant.taskdefs.optional.junit.JUnitTestRunner org.nishant.MathTest filtertrace=true haltOnError=false haltOnFailure=false formatter=org.apache.tools.ant.taskdefs.optional.junit.SummaryJUnitResultFormatter showoutput=false outputtoformatters=true logfailedtests=true logtestlistenerevents=false formatter=org.apache.tools.ant.taskdefs.optional.junit.XMLJUnitResultFormatter,/Volumes/DATA/MyFolder/Private/study/Assignments/github_repo/ANT/JavaStandaloneProjectJunitExtension/test_report/TEST-org.nishant.MathTest.xml formatter=org.apache.tools.ant.taskdefs.optional.junit.PlainJUnitResultFormatter,/Volumes/DATA/MyFolder/Private/study/Assignments/github_repo/ANT/JavaStandaloneProjectJunitExtension/test_report/TEST-org.nishant.MathTest.txt crashfile=/Volumes/DATA/MyFolder/Private/study/Assignments/github_repo/ANT/JavaStandaloneProjectJunitExtension/junitvmwatcher7334490735790598825.properties propsfile=/Volumes/DATA/MyFolder/Private/study/Assignments/github_repo/ANT/JavaStandaloneProjectJunitExtension/junit2993777069634689762.properties" />
    <property name="java.class.path" value="/Volumes/DATA/MyFolder/Private/study/Assignments/github_repo/ANT/JavaStandaloneProjectJunitExtension/lib/commons-lang-2.6.jar:/Volumes/DATA/MyFolder/Private/study/Assignments/github_repo/ANT/JavaStandaloneProjectJunitExtension/lib/hamcrest-core-1.2.jar:/Volumes/DATA/MyFolder/Private/study/Assignments/github_repo/ANT/JavaStandaloneProjectJunitExtension/lib/junit-4.11.jar:/Volumes/DATA/MyFolder/Private/study/Assignments/github_repo/ANT/JavaStandaloneProjectJunitExtension/bin:/Applications/jbdevstudio/studio/plugins/org.apache.ant_1.8.3.v201301120609/lib/ant-launcher.jar:/Applications/jbdevstudio/studio/plugins/org.apache.ant_1.8.3.v201301120609/lib/ant.jar:/Applications/jbdevstudio/studio/plugins/org.apache.ant_1.8.3.v201301120609/lib/ant-junit.jar:/Applications/jbdevstudio/studio/plugins/org.apache.ant_1.8.3.v201301120609/lib/ant-junit4.jar" />
    <property name="ant.version" value="Apache Ant(TM) version 1.8.3 compiled on February 26 2012" />
    <property name="TSTAMP" value="1829" />
    <property name="ant.file.JavaStandaloneProjectExtensionOne" value="/Volumes/DATA/MyFolder/Private/study/Assignments/github_repo/ANT/JavaStandaloneProjectJunitExtension/build.xml" />
    <property name="java.vm.specification.name" value="Java Virtual Machine Specification" />
    <property name="java.vm.specification.version" value="1.0" />
    <property name="sun.cpu.endian" value="little" />
    <property name="sun.os.patch.level" value="unknown" />
    <property name="eclipse.pdebuild.home" value="/Applications/jbdevstudio/studio/plugins/org.eclipse.pde.build_3.8.2.v20121114-140810/.//" />
    <property name="java.io.tmpdir" value="/var/folders/n2/1bj3d1t11j156lhs1kj5ksrw0000gn/T/" />
    <property name="java.vendor.url.bug" value="http://bugreport.apple.com/" />
    <property name="mrj.build" value="11M4716" />
    <property name="os.arch" value="x86_64" />
    <property name="java.awt.graphicsenv" value="apple.awt.CGraphicsEnvironment" />
    <property name="java.ext.dirs" value="/Library/Java/Extensions:/System/Library/Java/Extensions:/System/Library/Java/JavaVirtualMachines/1.6.0.jdk/Contents/Home/lib/ext" />
    <property name="user.dir" value="/Volumes/DATA/MyFolder/Private/study/Assignments/github_repo/ANT/JavaStandaloneProjectJunitExtension" />
    <property name="mrj.version" value="1070.1.6.0_65-466.1" />
    <property name="line.separator" value="&#xa;" />
    <property name="java.vm.name" value="Java HotSpot(TM) 64-Bit Server VM" />
    <property name="basedir" value="/Volumes/DATA/MyFolder/Private/study/Assignments/github_repo/ANT/JavaStandaloneProjectJunitExtension" />
    <property name="ant.java.version" value="1.6" />
    <property name="ant.core.lib" value="/Applications/jbdevstudio/studio/plugins/org.apache.ant_1.8.3.v201301120609/lib/ant.jar" />
    <property name="file.encoding" value="MacRoman" />
    <property name="java.specification.version" value="1.6" />
    <property name="src.dir" value="src" />
    <property name="ant.project.invoked-targets" value="main" />
  </properties>
  <testcase classname="org.nishant.MathTest" name="testAdd" time="0.0010" />
  <testcase classname="org.nishant.MathTest" name="testSubtract" time="0.0" />
  <testcase classname="org.nishant.MathTest" name="testDivide" time="0.0" />
  <testcase classname="org.nishant.MathTest" name="testMultiply" time="0.0010" />
  <system-out><![CDATA[]]></system-out>
  <system-err><![CDATA[]]></system-err>
</testsuite>
